\c regression
SELECT bdr.bdr_replicate_ddl_command($DDL$
CREATE TABLE public.concurrently_test (
	id integer not null primary key
);
$DDL$);
 bdr_replicate_ddl_command 
---------------------------
 
(1 row)

SELECT bdr.wait_slot_confirm_lsn(NULL,NULL);
 wait_slot_confirm_lsn 
-----------------------
 
 
(2 rows)

\c postgres
\d public.concurrently_test
Table "public.concurrently_test"
 Column |  Type   | Modifiers 
--------+---------+-----------
 id     | integer | not null
Indexes:
    "concurrently_test_pkey" PRIMARY KEY, btree (id)

-- Fails: ddl rep not skipped
DROP INDEX CONCURRENTLY concurrently_test_pkey;
ERROR:  DROP INDEX CONCURRENTLY is not supported without bdr.skip_ddl_replication set
-- Fails: ddl rep not skipped
CREATE INDEX CONCURRENTLY named_index ON concurrently_test(id);
ERROR:  CREATE INDEX CONCURRENTLY without bdr.skip_ddl_replication set may only affect UNLOGGED or TEMPORARY tables when BDR is active; concurrently_test is a regular table
-- Fails: drop the constraint
SET bdr.skip_ddl_replication = on;
DROP INDEX CONCURRENTLY concurrently_test_pkey;
ERROR:  cannot drop index concurrently_test_pkey because constraint concurrently_test_pkey on table concurrently_test requires it
HINT:  You can drop constraint concurrently_test_pkey on table concurrently_test instead.
RESET bdr.skip_ddl_replication;
-- Fails: no direct DDL
ALTER TABLE public.concurrently_test
DROP CONSTRAINT concurrently_test_pkey;
ERROR:  Direct DDL commands are not supported while BDR is active
HINT:  Use bdr.bdr_replicate_ddl_command(...)
-- succeeds
SELECT bdr.bdr_replicate_ddl_command($DDL$
ALTER TABLE public.concurrently_test
DROP CONSTRAINT concurrently_test_pkey;
$DDL$);
 bdr_replicate_ddl_command 
---------------------------
 
(1 row)

SELECT relname FROM pg_class WHERE relname IN ('named_index', 'concurrently_test_pkey') AND relkind = 'i' ORDER BY relname;
 relname 
---------
(0 rows)

-- We can create a new index
SET bdr.skip_ddl_replication = on;
CREATE INDEX CONCURRENTLY named_index ON concurrently_test(id);
RESET bdr.skip_ddl_replication;
SELECT relname FROM pg_class WHERE relname IN ('named_index', 'concurrently_test_pkey') AND relkind = 'i' ORDER BY relname;
   relname   
-------------
 named_index
(1 row)

SELECT bdr.wait_slot_confirm_lsn(NULL,NULL);
 wait_slot_confirm_lsn 
-----------------------
 
 
(2 rows)

\c regression
SELECT relname FROM pg_class WHERE relname IN ('named_index', 'concurrently_test_pkey') AND relkind = 'i' ORDER BY relname;
 relname 
---------
(0 rows)

SET bdr.skip_ddl_replication = on;
CREATE INDEX CONCURRENTLY named_index ON concurrently_test(id);
RESET bdr.skip_ddl_replication;
SELECT relname FROM pg_class WHERE relname IN ('named_index', 'concurrently_test_pkey') AND relkind = 'i' ORDER BY relname;
   relname   
-------------
 named_index
(1 row)

SELECT bdr.wait_slot_confirm_lsn(NULL,NULL);
 wait_slot_confirm_lsn 
-----------------------
 
 
(2 rows)

\c postgres
-- Fails, no skip ddl rep
DROP INDEX CONCURRENTLY named_index;
ERROR:  DROP INDEX CONCURRENTLY is not supported without bdr.skip_ddl_replication set
SELECT relname FROM pg_class WHERE relname IN ('named_index', 'concurrently_test_pkey') AND relkind = 'i' ORDER BY relname;
   relname   
-------------
 named_index
(1 row)

-- ok
SET bdr.skip_ddl_replication = on;
DROP INDEX CONCURRENTLY named_index;
RESET bdr.skip_ddl_replication;
SELECT relname FROM pg_class WHERE relname IN ('named_index', 'concurrently_test_pkey') AND relkind = 'i' ORDER BY relname;
 relname 
---------
(0 rows)

SELECT bdr.wait_slot_confirm_lsn(NULL,NULL);
 wait_slot_confirm_lsn 
-----------------------
 
 
(2 rows)

\c regression
SELECT relname FROM pg_class WHERE relname IN ('named_index', 'concurrently_test_pkey') AND relkind = 'i' ORDER BY relname;
   relname   
-------------
 named_index
(1 row)

-- Have to drop on each node
SET bdr.skip_ddl_replication = on;
DROP INDEX CONCURRENTLY named_index;
RESET bdr.skip_ddl_replication;
SELECT relname FROM pg_class WHERE relname IN ('named_index', 'concurrently_test_pkey') AND relkind = 'i' ORDER BY relname;
 relname 
---------
(0 rows)

