SELECT bdr.bdr_replicate_ddl_command($DDL$
CREATE TABLE public.test_tbl(pk int primary key, dropping_col1 text, dropping_col2 text);
$DDL$);
 bdr_replicate_ddl_command 
---------------------------
 
(1 row)

SELECT bdr.bdr_replicate_ddl_command($DDL$
ALTER TABLE public.test_tbl ADD COLUMN col1 text;
$DDL$);
 bdr_replicate_ddl_command 
---------------------------
 
(1 row)

SELECT bdr.wait_slot_confirm_lsn(NULL,NULL);
 wait_slot_confirm_lsn 
-----------------------
 
(1 row)

\c postgres
\d+ test_tbl
                           Table "public.test_tbl"
    Column     |  Type   | Modifiers | Storage  | Stats target | Description 
---------------+---------+-----------+----------+--------------+-------------
 pk            | integer | not null  | plain    |              | 
 dropping_col1 | text    |           | extended |              | 
 dropping_col2 | text    |           | extended |              | 
 col1          | text    |           | extended |              | 
Indexes:
    "test_tbl_pkey" PRIMARY KEY, btree (pk)

SELECT bdr.bdr_replicate_ddl_command($DDL$
ALTER TABLE public.test_tbl ADD COLUMN col2 text;
$DDL$);
 bdr_replicate_ddl_command 
---------------------------
 
(1 row)

SELECT bdr.wait_slot_confirm_lsn(NULL,NULL);
 wait_slot_confirm_lsn 
-----------------------
 
(1 row)

\c regression
\d+ test_tbl
                           Table "public.test_tbl"
    Column     |  Type   | Modifiers | Storage  | Stats target | Description 
---------------+---------+-----------+----------+--------------+-------------
 pk            | integer | not null  | plain    |              | 
 dropping_col1 | text    |           | extended |              | 
 dropping_col2 | text    |           | extended |              | 
 col1          | text    |           | extended |              | 
 col2          | text    |           | extended |              | 
Indexes:
    "test_tbl_pkey" PRIMARY KEY, btree (pk)

SELECT bdr.bdr_replicate_ddl_command($DDL$
ALTER TABLE public.test_tbl ADD COLUMN col3_fail timestamptz NOT NULL DEFAULT now();
$DDL$);
ERROR:  ALTER TABLE ... ADD COLUMN ... DEFAULT may only affect UNLOGGED or TEMPORARY tables when BDR is active; test_tbl is a regular table
CONTEXT:  during DDL replay of ddl statement: 
ALTER TABLE public.test_tbl ADD COLUMN col3_fail timestamptz NOT NULL DEFAULT now();

SELECT bdr.bdr_replicate_ddl_command($DDL$
ALTER TABLE public.test_tbl ADD COLUMN serial_col_node1 SERIAL;
$DDL$);
ERROR:  ALTER TABLE ... ADD COLUMN ... DEFAULT may only affect UNLOGGED or TEMPORARY tables when BDR is active; test_tbl is a regular table
CONTEXT:  during DDL replay of ddl statement: 
ALTER TABLE public.test_tbl ADD COLUMN serial_col_node1 SERIAL;

SELECT bdr.bdr_replicate_ddl_command($DDL$
ALTER TABLE public.test_tbl DROP COLUMN dropping_col1;
$DDL$);
 bdr_replicate_ddl_command 
---------------------------
 
(1 row)

SELECT bdr.wait_slot_confirm_lsn(NULL,NULL);
 wait_slot_confirm_lsn 
-----------------------
 
(1 row)

\c postgres
\d+ test_tbl
                           Table "public.test_tbl"
    Column     |  Type   | Modifiers | Storage  | Stats target | Description 
---------------+---------+-----------+----------+--------------+-------------
 pk            | integer | not null  | plain    |              | 
 dropping_col2 | text    |           | extended |              | 
 col1          | text    |           | extended |              | 
 col2          | text    |           | extended |              | 
Indexes:
    "test_tbl_pkey" PRIMARY KEY, btree (pk)

SELECT bdr.bdr_replicate_ddl_command($DDL$
ALTER TABLE public.test_tbl DROP COLUMN dropping_col2;
$DDL$);
 bdr_replicate_ddl_command 
---------------------------
 
(1 row)

SELECT bdr.wait_slot_confirm_lsn(NULL,NULL);
 wait_slot_confirm_lsn 
-----------------------
 
(1 row)

\c regression
\d+ test_tbl
                       Table "public.test_tbl"
 Column |  Type   | Modifiers | Storage  | Stats target | Description 
--------+---------+-----------+----------+--------------+-------------
 pk     | integer | not null  | plain    |              | 
 col1   | text    |           | extended |              | 
 col2   | text    |           | extended |              | 
Indexes:
    "test_tbl_pkey" PRIMARY KEY, btree (pk)

SELECT bdr.bdr_replicate_ddl_command($DDL$
ALTER TABLE public.test_tbl ALTER COLUMN col1 SET NOT NULL;
$DDL$);
 bdr_replicate_ddl_command 
---------------------------
 
(1 row)

SELECT bdr.wait_slot_confirm_lsn(NULL,NULL);
 wait_slot_confirm_lsn 
-----------------------
 
(1 row)

\c postgres
\d+ test_tbl
                       Table "public.test_tbl"
 Column |  Type   | Modifiers | Storage  | Stats target | Description 
--------+---------+-----------+----------+--------------+-------------
 pk     | integer | not null  | plain    |              | 
 col1   | text    | not null  | extended |              | 
 col2   | text    |           | extended |              | 
Indexes:
    "test_tbl_pkey" PRIMARY KEY, btree (pk)

SELECT bdr.bdr_replicate_ddl_command($DDL$
ALTER TABLE public.test_tbl ALTER COLUMN col2 SET NOT NULL;
$DDL$);
 bdr_replicate_ddl_command 
---------------------------
 
(1 row)

SELECT bdr.wait_slot_confirm_lsn(NULL,NULL);
 wait_slot_confirm_lsn 
-----------------------
 
(1 row)

\c regression
\d+ test_tbl
                       Table "public.test_tbl"
 Column |  Type   | Modifiers | Storage  | Stats target | Description 
--------+---------+-----------+----------+--------------+-------------
 pk     | integer | not null  | plain    |              | 
 col1   | text    | not null  | extended |              | 
 col2   | text    | not null  | extended |              | 
Indexes:
    "test_tbl_pkey" PRIMARY KEY, btree (pk)

SELECT bdr.bdr_replicate_ddl_command($DDL$
ALTER TABLE public.test_tbl ALTER COLUMN col1 DROP NOT NULL;
$DDL$);
 bdr_replicate_ddl_command 
---------------------------
 
(1 row)

SELECT bdr.wait_slot_confirm_lsn(NULL,NULL);
 wait_slot_confirm_lsn 
-----------------------
 
(1 row)

\c postgres
\d+ test_tbl
                       Table "public.test_tbl"
 Column |  Type   | Modifiers | Storage  | Stats target | Description 
--------+---------+-----------+----------+--------------+-------------
 pk     | integer | not null  | plain    |              | 
 col1   | text    |           | extended |              | 
 col2   | text    | not null  | extended |              | 
Indexes:
    "test_tbl_pkey" PRIMARY KEY, btree (pk)

SELECT bdr.bdr_replicate_ddl_command($DDL$
ALTER TABLE public.test_tbl ALTER COLUMN col2 DROP NOT NULL;
$DDL$);
 bdr_replicate_ddl_command 
---------------------------
 
(1 row)

SELECT bdr.wait_slot_confirm_lsn(NULL,NULL);
 wait_slot_confirm_lsn 
-----------------------
 
(1 row)

\c regression
\d+ test_tbl
                       Table "public.test_tbl"
 Column |  Type   | Modifiers | Storage  | Stats target | Description 
--------+---------+-----------+----------+--------------+-------------
 pk     | integer | not null  | plain    |              | 
 col1   | text    |           | extended |              | 
 col2   | text    |           | extended |              | 
Indexes:
    "test_tbl_pkey" PRIMARY KEY, btree (pk)

SELECT bdr.bdr_replicate_ddl_command($DDL$
ALTER TABLE public.test_tbl ALTER COLUMN col1 SET DEFAULT 'abc';
$DDL$);
 bdr_replicate_ddl_command 
---------------------------
 
(1 row)

SELECT bdr.wait_slot_confirm_lsn(NULL,NULL);
 wait_slot_confirm_lsn 
-----------------------
 
(1 row)

\c postgres
\d+ test_tbl
                            Table "public.test_tbl"
 Column |  Type   |      Modifiers      | Storage  | Stats target | Description 
--------+---------+---------------------+----------+--------------+-------------
 pk     | integer | not null            | plain    |              | 
 col1   | text    | default 'abc'::text | extended |              | 
 col2   | text    |                     | extended |              | 
Indexes:
    "test_tbl_pkey" PRIMARY KEY, btree (pk)

SELECT bdr.bdr_replicate_ddl_command($DDL$
ALTER TABLE public.test_tbl ALTER COLUMN col2 SET DEFAULT 'abc';
$DDL$);
 bdr_replicate_ddl_command 
---------------------------
 
(1 row)

SELECT bdr.wait_slot_confirm_lsn(NULL,NULL);
 wait_slot_confirm_lsn 
-----------------------
 
(1 row)

\c regression
\d+ test_tbl
                            Table "public.test_tbl"
 Column |  Type   |      Modifiers      | Storage  | Stats target | Description 
--------+---------+---------------------+----------+--------------+-------------
 pk     | integer | not null            | plain    |              | 
 col1   | text    | default 'abc'::text | extended |              | 
 col2   | text    | default 'abc'::text | extended |              | 
Indexes:
    "test_tbl_pkey" PRIMARY KEY, btree (pk)

SELECT bdr.bdr_replicate_ddl_command($DDL$
ALTER TABLE public.test_tbl ALTER COLUMN col1 DROP DEFAULT;
$DDL$);
 bdr_replicate_ddl_command 
---------------------------
 
(1 row)

SELECT bdr.wait_slot_confirm_lsn(NULL,NULL);
 wait_slot_confirm_lsn 
-----------------------
 
(1 row)

\c postgres
\d+ test_tbl
                            Table "public.test_tbl"
 Column |  Type   |      Modifiers      | Storage  | Stats target | Description 
--------+---------+---------------------+----------+--------------+-------------
 pk     | integer | not null            | plain    |              | 
 col1   | text    |                     | extended |              | 
 col2   | text    | default 'abc'::text | extended |              | 
Indexes:
    "test_tbl_pkey" PRIMARY KEY, btree (pk)

SELECT bdr.bdr_replicate_ddl_command($DDL$
ALTER TABLE public.test_tbl ALTER COLUMN col2 DROP DEFAULT;
$DDL$);
 bdr_replicate_ddl_command 
---------------------------
 
(1 row)

SELECT bdr.wait_slot_confirm_lsn(NULL,NULL);
 wait_slot_confirm_lsn 
-----------------------
 
(1 row)

\c regression
\d+ test_tbl
                       Table "public.test_tbl"
 Column |  Type   | Modifiers | Storage  | Stats target | Description 
--------+---------+-----------+----------+--------------+-------------
 pk     | integer | not null  | plain    |              | 
 col1   | text    |           | extended |              | 
 col2   | text    |           | extended |              | 
Indexes:
    "test_tbl_pkey" PRIMARY KEY, btree (pk)

SELECT bdr.bdr_replicate_ddl_command($DDL$
ALTER TABLE public.test_tbl ADD CONSTRAINT test_const CHECK (true);
$DDL$);
 bdr_replicate_ddl_command 
---------------------------
 
(1 row)

SELECT bdr.wait_slot_confirm_lsn(NULL,NULL);
 wait_slot_confirm_lsn 
-----------------------
 
(1 row)

\c postgres
\d+ test_tbl
                       Table "public.test_tbl"
 Column |  Type   | Modifiers | Storage  | Stats target | Description 
--------+---------+-----------+----------+--------------+-------------
 pk     | integer | not null  | plain    |              | 
 col1   | text    |           | extended |              | 
 col2   | text    |           | extended |              | 
Indexes:
    "test_tbl_pkey" PRIMARY KEY, btree (pk)
Check constraints:
    "test_const" CHECK (true)

SELECT bdr.bdr_replicate_ddl_command($DDL$
ALTER TABLE public.test_tbl ADD CONSTRAINT test_const1 CHECK (true);
$DDL$);
 bdr_replicate_ddl_command 
---------------------------
 
(1 row)

SELECT bdr.wait_slot_confirm_lsn(NULL,NULL);
 wait_slot_confirm_lsn 
-----------------------
 
(1 row)

\c regression
\d+ test_tbl
                       Table "public.test_tbl"
 Column |  Type   | Modifiers | Storage  | Stats target | Description 
--------+---------+-----------+----------+--------------+-------------
 pk     | integer | not null  | plain    |              | 
 col1   | text    |           | extended |              | 
 col2   | text    |           | extended |              | 
Indexes:
    "test_tbl_pkey" PRIMARY KEY, btree (pk)
Check constraints:
    "test_const" CHECK (true)
    "test_const1" CHECK (true)

SELECT bdr.bdr_replicate_ddl_command($DDL$
ALTER TABLE public.test_tbl DROP CONSTRAINT test_const;
$DDL$);
 bdr_replicate_ddl_command 
---------------------------
 
(1 row)

SELECT bdr.wait_slot_confirm_lsn(NULL,NULL);
 wait_slot_confirm_lsn 
-----------------------
 
(1 row)

\c postgres
\d+ test_tbl
                       Table "public.test_tbl"
 Column |  Type   | Modifiers | Storage  | Stats target | Description 
--------+---------+-----------+----------+--------------+-------------
 pk     | integer | not null  | plain    |              | 
 col1   | text    |           | extended |              | 
 col2   | text    |           | extended |              | 
Indexes:
    "test_tbl_pkey" PRIMARY KEY, btree (pk)
Check constraints:
    "test_const1" CHECK (true)

SELECT bdr.bdr_replicate_ddl_command($DDL$
ALTER TABLE public.test_tbl DROP CONSTRAINT test_const1;
$DDL$);
 bdr_replicate_ddl_command 
---------------------------
 
(1 row)

SELECT bdr.wait_slot_confirm_lsn(NULL,NULL);
 wait_slot_confirm_lsn 
-----------------------
 
(1 row)

\c regression
\d+ test_tbl
                       Table "public.test_tbl"
 Column |  Type   | Modifiers | Storage  | Stats target | Description 
--------+---------+-----------+----------+--------------+-------------
 pk     | integer | not null  | plain    |              | 
 col1   | text    |           | extended |              | 
 col2   | text    |           | extended |              | 
Indexes:
    "test_tbl_pkey" PRIMARY KEY, btree (pk)

SELECT bdr.bdr_replicate_ddl_command($DDL$
ALTER TABLE public.test_tbl ALTER COLUMN col1 SET NOT NULL;
$DDL$);
 bdr_replicate_ddl_command 
---------------------------
 
(1 row)

SELECT bdr.bdr_replicate_ddl_command($DDL$
CREATE UNIQUE INDEX test_idx ON public.test_tbl(col1);
$DDL$);
 bdr_replicate_ddl_command 
---------------------------
 
(1 row)

SELECT bdr.bdr_replicate_ddl_command($DDL$
ALTER TABLE public.test_tbl REPLICA IDENTITY USING INDEX test_idx;
$DDL$);
 bdr_replicate_ddl_command 
---------------------------
 
(1 row)

SELECT bdr.wait_slot_confirm_lsn(NULL,NULL);
 wait_slot_confirm_lsn 
-----------------------
 
(1 row)

\c postgres
\d+ test_tbl
                       Table "public.test_tbl"
 Column |  Type   | Modifiers | Storage  | Stats target | Description 
--------+---------+-----------+----------+--------------+-------------
 pk     | integer | not null  | plain    |              | 
 col1   | text    | not null  | extended |              | 
 col2   | text    |           | extended |              | 
Indexes:
    "test_tbl_pkey" PRIMARY KEY, btree (pk)
    "test_idx" UNIQUE, btree (col1) REPLICA IDENTITY

SELECT bdr.bdr_replicate_ddl_command($DDL$
ALTER TABLE public.test_tbl ALTER COLUMN col2 SET NOT NULL;
$DDL$);
 bdr_replicate_ddl_command 
---------------------------
 
(1 row)

SELECT bdr.bdr_replicate_ddl_command($DDL$
CREATE UNIQUE INDEX test_idx1 ON public.test_tbl(col2);
$DDL$);
 bdr_replicate_ddl_command 
---------------------------
 
(1 row)

SELECT bdr.bdr_replicate_ddl_command($DDL$
ALTER TABLE public.test_tbl REPLICA IDENTITY USING INDEX test_idx1;
$DDL$);
 bdr_replicate_ddl_command 
---------------------------
 
(1 row)

SELECT bdr.wait_slot_confirm_lsn(NULL,NULL);
 wait_slot_confirm_lsn 
-----------------------
 
(1 row)

\c regression
\d+ test_tbl
                       Table "public.test_tbl"
 Column |  Type   | Modifiers | Storage  | Stats target | Description 
--------+---------+-----------+----------+--------------+-------------
 pk     | integer | not null  | plain    |              | 
 col1   | text    | not null  | extended |              | 
 col2   | text    | not null  | extended |              | 
Indexes:
    "test_tbl_pkey" PRIMARY KEY, btree (pk)
    "test_idx" UNIQUE, btree (col1)
    "test_idx1" UNIQUE, btree (col2) REPLICA IDENTITY

SELECT bdr.bdr_replicate_ddl_command($DDL$
ALTER TABLE public.test_tbl REPLICA IDENTITY DEFAULT;
$DDL$);
 bdr_replicate_ddl_command 
---------------------------
 
(1 row)

SELECT bdr.bdr_replicate_ddl_command($DDL$
DROP INDEX public.test_idx;
$DDL$);
 bdr_replicate_ddl_command 
---------------------------
 
(1 row)

SELECT bdr.bdr_replicate_ddl_command($DDL$
DROP INDEX public. test_idx1;
$DDL$);
 bdr_replicate_ddl_command 
---------------------------
 
(1 row)

SELECT bdr.wait_slot_confirm_lsn(NULL,NULL);
 wait_slot_confirm_lsn 
-----------------------
 
(1 row)

\c postgres
\d+ test_tbl
                       Table "public.test_tbl"
 Column |  Type   | Modifiers | Storage  | Stats target | Description 
--------+---------+-----------+----------+--------------+-------------
 pk     | integer | not null  | plain    |              | 
 col1   | text    | not null  | extended |              | 
 col2   | text    | not null  | extended |              | 
Indexes:
    "test_tbl_pkey" PRIMARY KEY, btree (pk)

SELECT bdr.bdr_replicate_ddl_command($DDL$
CREATE UNIQUE INDEX test_idx ON public.test_tbl(col1);
$DDL$);
 bdr_replicate_ddl_command 
---------------------------
 
(1 row)

SELECT bdr.bdr_replicate_ddl_command($DDL$
ALTER TABLE public.test_tbl REPLICA IDENTITY USING INDEX test_idx;
$DDL$);
 bdr_replicate_ddl_command 
---------------------------
 
(1 row)

SELECT bdr.wait_slot_confirm_lsn(NULL,NULL);
 wait_slot_confirm_lsn 
-----------------------
 
(1 row)

SELECT bdr.bdr_replicate_ddl_command($DDL$
DROP INDEX public.test_idx;
$DDL$);
 bdr_replicate_ddl_command 
---------------------------
 
(1 row)

\d+ test_tbl
                       Table "public.test_tbl"
 Column |  Type   | Modifiers | Storage  | Stats target | Description 
--------+---------+-----------+----------+--------------+-------------
 pk     | integer | not null  | plain    |              | 
 col1   | text    | not null  | extended |              | 
 col2   | text    | not null  | extended |              | 
Indexes:
    "test_tbl_pkey" PRIMARY KEY, btree (pk)

\c regression
\d+ test_tbl
                       Table "public.test_tbl"
 Column |  Type   | Modifiers | Storage  | Stats target | Description 
--------+---------+-----------+----------+--------------+-------------
 pk     | integer | not null  | plain    |              | 
 col1   | text    | not null  | extended |              | 
 col2   | text    | not null  | extended |              | 
Indexes:
    "test_tbl_pkey" PRIMARY KEY, btree (pk)

CREATE USER test_user;
SELECT bdr.bdr_replicate_ddl_command($DDL$
ALTER TABLE public.test_tbl OWNER TO test_user;
$DDL$);
 bdr_replicate_ddl_command 
---------------------------
 
(1 row)

SELECT bdr.wait_slot_confirm_lsn(NULL,NULL);
 wait_slot_confirm_lsn 
-----------------------
 
(1 row)

\c postgres
\d+ test_tbl
                       Table "public.test_tbl"
 Column |  Type   | Modifiers | Storage  | Stats target | Description 
--------+---------+-----------+----------+--------------+-------------
 pk     | integer | not null  | plain    |              | 
 col1   | text    | not null  | extended |              | 
 col2   | text    | not null  | extended |              | 
Indexes:
    "test_tbl_pkey" PRIMARY KEY, btree (pk)

SELECT bdr.bdr_replicate_ddl_command($DDL$
ALTER TABLE public.test_tbl RENAME COLUMN col1 TO foobar;
$DDL$);
 bdr_replicate_ddl_command 
---------------------------
 
(1 row)

SELECT bdr.wait_slot_confirm_lsn(NULL,NULL);
 wait_slot_confirm_lsn 
-----------------------
 
(1 row)

\d+ test_tbl
                       Table "public.test_tbl"
 Column |  Type   | Modifiers | Storage  | Stats target | Description 
--------+---------+-----------+----------+--------------+-------------
 pk     | integer | not null  | plain    |              | 
 foobar | text    | not null  | extended |              | 
 col2   | text    | not null  | extended |              | 
Indexes:
    "test_tbl_pkey" PRIMARY KEY, btree (pk)

\c regression
\d+ test_tbl
                       Table "public.test_tbl"
 Column |  Type   | Modifiers | Storage  | Stats target | Description 
--------+---------+-----------+----------+--------------+-------------
 pk     | integer | not null  | plain    |              | 
 foobar | text    | not null  | extended |              | 
 col2   | text    | not null  | extended |              | 
Indexes:
    "test_tbl_pkey" PRIMARY KEY, btree (pk)

\c postgres
\d+ test_tbl
                       Table "public.test_tbl"
 Column |  Type   | Modifiers | Storage  | Stats target | Description 
--------+---------+-----------+----------+--------------+-------------
 pk     | integer | not null  | plain    |              | 
 foobar | text    | not null  | extended |              | 
 col2   | text    | not null  | extended |              | 
Indexes:
    "test_tbl_pkey" PRIMARY KEY, btree (pk)

SELECT bdr.bdr_replicate_ddl_command($DDL$
ALTER TABLE public.test_tbl RENAME CONSTRAINT test_tbl_pkey TO test_ddl_pk;
$DDL$);
 bdr_replicate_ddl_command 
---------------------------
 
(1 row)

SELECT bdr.wait_slot_confirm_lsn(NULL,NULL);
 wait_slot_confirm_lsn 
-----------------------
 
(1 row)

\c regression
\d+ test_tbl
                       Table "public.test_tbl"
 Column |  Type   | Modifiers | Storage  | Stats target | Description 
--------+---------+-----------+----------+--------------+-------------
 pk     | integer | not null  | plain    |              | 
 foobar | text    | not null  | extended |              | 
 col2   | text    | not null  | extended |              | 
Indexes:
    "test_ddl_pk" PRIMARY KEY, btree (pk)

SELECT bdr.bdr_replicate_ddl_command($DDL$
DROP TABLE public.test_tbl;
$DDL$);
 bdr_replicate_ddl_command 
---------------------------
 
(1 row)

SELECT bdr.wait_slot_confirm_lsn(NULL,NULL);
 wait_slot_confirm_lsn 
-----------------------
 
(1 row)

-- ALTER COLUMN ... SET STATISTICS
\c postgres
SELECT bdr.bdr_replicate_ddl_command($DDL$
CREATE TABLE public.test_tbl(id int);
$DDL$);
 bdr_replicate_ddl_command 
---------------------------
 
(1 row)

SELECT bdr.bdr_replicate_ddl_command($DDL$
ALTER TABLE public.test_tbl ALTER COLUMN id SET STATISTICS 10;
$DDL$);
 bdr_replicate_ddl_command 
---------------------------
 
(1 row)

\d+ test_tbl
                       Table "public.test_tbl"
 Column |  Type   | Modifiers | Storage | Stats target | Description 
--------+---------+-----------+---------+--------------+-------------
 id     | integer |           | plain   | 10           | 

SELECT bdr.bdr_replicate_ddl_command($DDL$
ALTER TABLE public.test_tbl ALTER COLUMN id SET STATISTICS 0;
$DDL$);
 bdr_replicate_ddl_command 
---------------------------
 
(1 row)

\d+ test_tbl
                       Table "public.test_tbl"
 Column |  Type   | Modifiers | Storage | Stats target | Description 
--------+---------+-----------+---------+--------------+-------------
 id     | integer |           | plain   | 0            | 

SELECT bdr.wait_slot_confirm_lsn(NULL,NULL);
 wait_slot_confirm_lsn 
-----------------------
 
(1 row)

\c regression
\d+ test_tbl
                       Table "public.test_tbl"
 Column |  Type   | Modifiers | Storage | Stats target | Description 
--------+---------+-----------+---------+--------------+-------------
 id     | integer |           | plain   | 0            | 

SELECT bdr.bdr_replicate_ddl_command($DDL$
ALTER TABLE public.test_tbl ALTER COLUMN id SET STATISTICS -1;
$DDL$);
 bdr_replicate_ddl_command 
---------------------------
 
(1 row)

\d+ test_tbl
                       Table "public.test_tbl"
 Column |  Type   | Modifiers | Storage | Stats target | Description 
--------+---------+-----------+---------+--------------+-------------
 id     | integer |           | plain   |              | 

SELECT bdr.wait_slot_confirm_lsn(NULL,NULL);
 wait_slot_confirm_lsn 
-----------------------
 
(1 row)

\c postgres
\d+ test_tbl
                       Table "public.test_tbl"
 Column |  Type   | Modifiers | Storage | Stats target | Description 
--------+---------+-----------+---------+--------------+-------------
 id     | integer |           | plain   |              | 

SELECT bdr.bdr_replicate_ddl_command($DDL$
DROP TABLE public.test_tbl;
$DDL$);
 bdr_replicate_ddl_command 
---------------------------
 
(1 row)

--- INHERITANCE ---
\c postgres
SELECT bdr.bdr_replicate_ddl_command($DDL$
CREATE TABLE public.test_inh_root (id int primary key, val1 varchar, val2 int);
$DDL$);
 bdr_replicate_ddl_command 
---------------------------
 
(1 row)

SELECT bdr.bdr_replicate_ddl_command($DDL$
CREATE TABLE public.test_inh_chld1 (child1col int) INHERITS (public.test_inh_root);
$DDL$);
 bdr_replicate_ddl_command 
---------------------------
 
(1 row)

SELECT bdr.bdr_replicate_ddl_command($DDL$
CREATE TABLE public.test_inh_chld2 () INHERITS (public.test_inh_chld1);
$DDL$);
 bdr_replicate_ddl_command 
---------------------------
 
(1 row)

INSERT INTO public.test_inh_root(id, val1, val2)
SELECT x, x::text, x%4 FROM generate_series(1,10) x;
INSERT INTO public.test_inh_chld1(id, val1, val2, child1col)
SELECT x, x::text, x%4+1, x*2 FROM generate_series(11,20) x;
SELECT bdr.wait_slot_confirm_lsn(NULL,NULL);
 wait_slot_confirm_lsn 
-----------------------
 
(1 row)

\d+ test_inh_root
                          Table "public.test_inh_root"
 Column |       Type        | Modifiers | Storage  | Stats target | Description 
--------+-------------------+-----------+----------+--------------+-------------
 id     | integer           | not null  | plain    |              | 
 val1   | character varying |           | extended |              | 
 val2   | integer           |           | plain    |              | 
Indexes:
    "test_inh_root_pkey" PRIMARY KEY, btree (id)
Child tables: test_inh_chld1

\d+ test_inh_chld1
                           Table "public.test_inh_chld1"
  Column   |       Type        | Modifiers | Storage  | Stats target | Description 
-----------+-------------------+-----------+----------+--------------+-------------
 id        | integer           | not null  | plain    |              | 
 val1      | character varying |           | extended |              | 
 val2      | integer           |           | plain    |              | 
 child1col | integer           |           | plain    |              | 
Inherits: test_inh_root
Child tables: test_inh_chld2

\d+ test_inh_chld2
                           Table "public.test_inh_chld2"
  Column   |       Type        | Modifiers | Storage  | Stats target | Description 
-----------+-------------------+-----------+----------+--------------+-------------
 id        | integer           | not null  | plain    |              | 
 val1      | character varying |           | extended |              | 
 val2      | integer           |           | plain    |              | 
 child1col | integer           |           | plain    |              | 
Inherits: test_inh_chld1

\c regression
\d+ test_inh_root
                          Table "public.test_inh_root"
 Column |       Type        | Modifiers | Storage  | Stats target | Description 
--------+-------------------+-----------+----------+--------------+-------------
 id     | integer           | not null  | plain    |              | 
 val1   | character varying |           | extended |              | 
 val2   | integer           |           | plain    |              | 
Indexes:
    "test_inh_root_pkey" PRIMARY KEY, btree (id)
Child tables: test_inh_chld1

\d+ test_inh_chld1
                           Table "public.test_inh_chld1"
  Column   |       Type        | Modifiers | Storage  | Stats target | Description 
-----------+-------------------+-----------+----------+--------------+-------------
 id        | integer           | not null  | plain    |              | 
 val1      | character varying |           | extended |              | 
 val2      | integer           |           | plain    |              | 
 child1col | integer           |           | plain    |              | 
Inherits: test_inh_root
Child tables: test_inh_chld2

\d+ test_inh_chld2
                           Table "public.test_inh_chld2"
  Column   |       Type        | Modifiers | Storage  | Stats target | Description 
-----------+-------------------+-----------+----------+--------------+-------------
 id        | integer           | not null  | plain    |              | 
 val1      | character varying |           | extended |              | 
 val2      | integer           |           | plain    |              | 
 child1col | integer           |           | plain    |              | 
Inherits: test_inh_chld1

SELECT * FROM public.test_inh_root;
 id | val1 | val2 
----+------+------
  1 | 1    |    1
  2 | 2    |    2
  3 | 3    |    3
  4 | 4    |    0
  5 | 5    |    1
  6 | 6    |    2
  7 | 7    |    3
  8 | 8    |    0
  9 | 9    |    1
 10 | 10   |    2
 11 | 11   |    4
 12 | 12   |    1
 13 | 13   |    2
 14 | 14   |    3
 15 | 15   |    4
 16 | 16   |    1
 17 | 17   |    2
 18 | 18   |    3
 19 | 19   |    4
 20 | 20   |    1
(20 rows)

SELECT * FROM public.test_inh_chld1;
 id | val1 | val2 | child1col 
----+------+------+-----------
 11 | 11   |    4 |        22
 12 | 12   |    1 |        24
 13 | 13   |    2 |        26
 14 | 14   |    3 |        28
 15 | 15   |    4 |        30
 16 | 16   |    1 |        32
 17 | 17   |    2 |        34
 18 | 18   |    3 |        36
 19 | 19   |    4 |        38
 20 | 20   |    1 |        40
(10 rows)

SELECT * FROM public.test_inh_chld2;
 id | val1 | val2 | child1col 
----+------+------+-----------
(0 rows)

SET bdr.permit_unsafe_ddl_commands = true;
SELECT bdr.bdr_replicate_ddl_command($DDL$
ALTER TABLE public.test_inh_root ADD CONSTRAINT idchk CHECK (id > 0);
$DDL$);
 bdr_replicate_ddl_command 
---------------------------
 
(1 row)

SELECT bdr.bdr_replicate_ddl_command($DDL$
ALTER TABLE ONLY public.test_inh_chld1 ALTER COLUMN id SET DEFAULT 1;
$DDL$);
 bdr_replicate_ddl_command 
---------------------------
 
(1 row)

SELECT bdr.bdr_replicate_ddl_command($DDL$
ALTER TABLE ONLY public.test_inh_root DROP CONSTRAINT idchk;
$DDL$);
 bdr_replicate_ddl_command 
---------------------------
 
(1 row)

RESET bdr.permit_unsafe_ddl_commands;
SELECT bdr.wait_slot_confirm_lsn(NULL,NULL);
 wait_slot_confirm_lsn 
-----------------------
 
(1 row)

\d+ test_inh_root
                          Table "public.test_inh_root"
 Column |       Type        | Modifiers | Storage  | Stats target | Description 
--------+-------------------+-----------+----------+--------------+-------------
 id     | integer           | not null  | plain    |              | 
 val1   | character varying |           | extended |              | 
 val2   | integer           |           | plain    |              | 
Indexes:
    "test_inh_root_pkey" PRIMARY KEY, btree (id)
Child tables: test_inh_chld1

\d+ test_inh_chld1
                               Table "public.test_inh_chld1"
  Column   |       Type        |     Modifiers      | Storage  | Stats target | Description 
-----------+-------------------+--------------------+----------+--------------+-------------
 id        | integer           | not null default 1 | plain    |              | 
 val1      | character varying |                    | extended |              | 
 val2      | integer           |                    | plain    |              | 
 child1col | integer           |                    | plain    |              | 
Check constraints:
    "idchk" CHECK (id > 0)
Inherits: test_inh_root
Child tables: test_inh_chld2

\d+ test_inh_chld2
                           Table "public.test_inh_chld2"
  Column   |       Type        | Modifiers | Storage  | Stats target | Description 
-----------+-------------------+-----------+----------+--------------+-------------
 id        | integer           | not null  | plain    |              | 
 val1      | character varying |           | extended |              | 
 val2      | integer           |           | plain    |              | 
 child1col | integer           |           | plain    |              | 
Check constraints:
    "idchk" CHECK (id > 0)
Inherits: test_inh_chld1

\c postgres
\d+ test_inh_root
                          Table "public.test_inh_root"
 Column |       Type        | Modifiers | Storage  | Stats target | Description 
--------+-------------------+-----------+----------+--------------+-------------
 id     | integer           | not null  | plain    |              | 
 val1   | character varying |           | extended |              | 
 val2   | integer           |           | plain    |              | 
Indexes:
    "test_inh_root_pkey" PRIMARY KEY, btree (id)
Child tables: test_inh_chld1

\d+ test_inh_chld1
                               Table "public.test_inh_chld1"
  Column   |       Type        |     Modifiers      | Storage  | Stats target | Description 
-----------+-------------------+--------------------+----------+--------------+-------------
 id        | integer           | not null default 1 | plain    |              | 
 val1      | character varying |                    | extended |              | 
 val2      | integer           |                    | plain    |              | 
 child1col | integer           |                    | plain    |              | 
Check constraints:
    "idchk" CHECK (id > 0)
Inherits: test_inh_root
Child tables: test_inh_chld2

\d+ test_inh_chld2
                           Table "public.test_inh_chld2"
  Column   |       Type        | Modifiers | Storage  | Stats target | Description 
-----------+-------------------+-----------+----------+--------------+-------------
 id        | integer           | not null  | plain    |              | 
 val1      | character varying |           | extended |              | 
 val2      | integer           |           | plain    |              | 
 child1col | integer           |           | plain    |              | 
Check constraints:
    "idchk" CHECK (id > 0)
Inherits: test_inh_chld1

\c regression
SELECT * FROM public.test_inh_root;
 id | val1 | val2 
----+------+------
  1 | 1    |    1
  2 | 2    |    2
  3 | 3    |    3
  4 | 4    |    0
  5 | 5    |    1
  6 | 6    |    2
  7 | 7    |    3
  8 | 8    |    0
  9 | 9    |    1
 10 | 10   |    2
 11 | 11   |    4
 12 | 12   |    1
 13 | 13   |    2
 14 | 14   |    3
 15 | 15   |    4
 16 | 16   |    1
 17 | 17   |    2
 18 | 18   |    3
 19 | 19   |    4
 20 | 20   |    1
(20 rows)

SELECT * FROM public.test_inh_chld1;
 id | val1 | val2 | child1col 
----+------+------+-----------
 11 | 11   |    4 |        22
 12 | 12   |    1 |        24
 13 | 13   |    2 |        26
 14 | 14   |    3 |        28
 15 | 15   |    4 |        30
 16 | 16   |    1 |        32
 17 | 17   |    2 |        34
 18 | 18   |    3 |        36
 19 | 19   |    4 |        38
 20 | 20   |    1 |        40
(10 rows)

SELECT * FROM public.test_inh_chld2;
 id | val1 | val2 | child1col 
----+------+------+-----------
(0 rows)

-- Should fail with an ERROR
ALTER TABLE public.test_inh_chld1 NO INHERIT public.test_inh_root;
ERROR:  ALTER TABLE ... [NO] INHERIT may only affect UNLOGGED or TEMPORARY tables when BDR is active; test_inh_chld1 is a regular table
-- Will also fail with an ERROR
SELECT bdr.bdr_replicate_ddl_command($DDL$ ALTER TABLE public.test_inh_chld1 NO INHERIT public.test_inh_root; $DDL$);
ERROR:  ALTER TABLE ... [NO] INHERIT may only affect UNLOGGED or TEMPORARY tables when BDR is active; test_inh_chld1 is a regular table
CONTEXT:  during DDL replay of ddl statement:  ALTER TABLE public.test_inh_chld1 NO INHERIT public.test_inh_root; 
-- Will be permitted
BEGIN;
SET LOCAL bdr.permit_unsafe_ddl_commands = true;
SELECT bdr.bdr_replicate_ddl_command($DDL$ ALTER TABLE public.test_inh_chld1 NO INHERIT public.test_inh_root;$DDL$);
 bdr_replicate_ddl_command 
---------------------------
 
(1 row)

COMMIT;
SELECT * FROM public.test_inh_root;
 id | val1 | val2 
----+------+------
  1 | 1    |    1
  2 | 2    |    2
  3 | 3    |    3
  4 | 4    |    0
  5 | 5    |    1
  6 | 6    |    2
  7 | 7    |    3
  8 | 8    |    0
  9 | 9    |    1
 10 | 10   |    2
(10 rows)

SELECT * FROM public.test_inh_chld1;
 id | val1 | val2 | child1col 
----+------+------+-----------
 11 | 11   |    4 |        22
 12 | 12   |    1 |        24
 13 | 13   |    2 |        26
 14 | 14   |    3 |        28
 15 | 15   |    4 |        30
 16 | 16   |    1 |        32
 17 | 17   |    2 |        34
 18 | 18   |    3 |        36
 19 | 19   |    4 |        38
 20 | 20   |    1 |        40
(10 rows)

SELECT * FROM public.test_inh_chld2;
 id | val1 | val2 | child1col 
----+------+------+-----------
(0 rows)

SELECT bdr.wait_slot_confirm_lsn(NULL,NULL);
 wait_slot_confirm_lsn 
-----------------------
 
(1 row)

\c postgres
SELECT * FROM public.test_inh_root;
 id | val1 | val2 
----+------+------
  1 | 1    |    1
  2 | 2    |    2
  3 | 3    |    3
  4 | 4    |    0
  5 | 5    |    1
  6 | 6    |    2
  7 | 7    |    3
  8 | 8    |    0
  9 | 9    |    1
 10 | 10   |    2
(10 rows)

SELECT * FROM public.test_inh_chld1;
 id | val1 | val2 | child1col 
----+------+------+-----------
 11 | 11   |    4 |        22
 12 | 12   |    1 |        24
 13 | 13   |    2 |        26
 14 | 14   |    3 |        28
 15 | 15   |    4 |        30
 16 | 16   |    1 |        32
 17 | 17   |    2 |        34
 18 | 18   |    3 |        36
 19 | 19   |    4 |        38
 20 | 20   |    1 |        40
(10 rows)

SELECT * FROM public.test_inh_chld2;
 id | val1 | val2 | child1col 
----+------+------+-----------
(0 rows)

DELETE FROM public.test_inh_root WHERE val2 = 0;
INSERT INTO public.test_inh_root(id, val1, val2) VALUES (200, 'root', 1);
INSERT INTO public.test_inh_chld1(id, val1, val2, child1col) VALUES (200, 'child', 0, 0);
SELECT bdr.wait_slot_confirm_lsn(NULL,NULL);
 wait_slot_confirm_lsn 
-----------------------
 
(1 row)

\c regression
SELECT * FROM public.test_inh_root;
 id  | val1 | val2 
-----+------+------
   1 | 1    |    1
   2 | 2    |    2
   3 | 3    |    3
   5 | 5    |    1
   6 | 6    |    2
   7 | 7    |    3
   9 | 9    |    1
  10 | 10   |    2
 200 | root |    1
(9 rows)

SELECT * FROM public.test_inh_chld1;
 id  | val1  | val2 | child1col 
-----+-------+------+-----------
  11 | 11    |    4 |        22
  12 | 12    |    1 |        24
  13 | 13    |    2 |        26
  14 | 14    |    3 |        28
  15 | 15    |    4 |        30
  16 | 16    |    1 |        32
  17 | 17    |    2 |        34
  18 | 18    |    3 |        36
  19 | 19    |    4 |        38
  20 | 20    |    1 |        40
 200 | child |    0 |         0
(11 rows)

SELECT * FROM public.test_inh_chld2;
 id | val1 | val2 | child1col 
----+------+------+-----------
(0 rows)

SELECT bdr.bdr_replicate_ddl_command($DDL$
DROP TABLE public.test_inh_chld2;
$DDL$);
 bdr_replicate_ddl_command 
---------------------------
 
(1 row)

SELECT bdr.bdr_replicate_ddl_command($DDL$
DROP TABLE public.test_inh_chld1;
$DDL$);
 bdr_replicate_ddl_command 
---------------------------
 
(1 row)

SELECT bdr.bdr_replicate_ddl_command($DDL$
DROP TABLE public.test_inh_root;
$DDL$);
 bdr_replicate_ddl_command 
---------------------------
 
(1 row)

