--  ALTER TABLE public.DROP COLUMN (pk column)
SELECT bdr.bdr_replicate_ddl_command($DDL$ CREATE TABLE public.test (test_id SERIAL); $DDL$);
 bdr_replicate_ddl_command 
---------------------------
 
(1 row)

SELECT bdr.wait_slot_confirm_lsn(NULL,NULL);
 wait_slot_confirm_lsn 
-----------------------
 
 
(2 rows)

\c postgres
\d+ test
                                                Table "public.test"
 Column  |  Type   |                       Modifiers                        | Storage | Stats target | Description 
---------+---------+--------------------------------------------------------+---------+--------------+-------------
 test_id | integer | not null default nextval('test_test_id_seq'::regclass) | plain   |              | 

SELECT relname, relkind FROM pg_class WHERE relname = 'test_test_id_seq';
     relname      | relkind 
------------------+---------
 test_test_id_seq | S
(1 row)

\d+ test_test_id_seq
           Sequence "public.test_test_id_seq"
    Column     |  Type   |        Value        | Storage 
---------------+---------+---------------------+---------
 sequence_name | name    | test_test_id_seq    | plain
 last_value    | bigint  | 1                   | plain
 start_value   | bigint  | 1                   | plain
 increment_by  | bigint  | 1                   | plain
 max_value     | bigint  | 9223372036854775807 | plain
 min_value     | bigint  | 1                   | plain
 cache_value   | bigint  | 1                   | plain
 log_cnt       | bigint  | 0                   | plain
 is_cycled     | boolean | f                   | plain
 is_called     | boolean | f                   | plain
Owned by: public.test.test_id

SELECT bdr.bdr_replicate_ddl_command($DDL$ ALTER TABLE public.test  DROP COLUMN test_id; $DDL$);
 bdr_replicate_ddl_command 
---------------------------
 
(1 row)

SELECT bdr.wait_slot_confirm_lsn(NULL,NULL);
 wait_slot_confirm_lsn 
-----------------------
 
 
(2 rows)

\c regression
\d+ test
                       Table "public.test"
 Column | Type | Modifiers | Storage | Stats target | Description 
--------+------+-----------+---------+--------------+-------------

SELECT relname, relkind FROM pg_class WHERE relname = 'test_test_id_seq';
 relname | relkind 
---------+---------
(0 rows)

SELECT bdr.bdr_replicate_ddl_command($DDL$ DROP TABLE public.test; $DDL$);
 bdr_replicate_ddl_command 
---------------------------
 
(1 row)

-- ADD CONSTRAINT PRIMARY KEY
SELECT bdr.bdr_replicate_ddl_command($DDL$ CREATE TABLE public.test (test_id SERIAL NOT NULL); $DDL$);
 bdr_replicate_ddl_command 
---------------------------
 
(1 row)

SELECT bdr.wait_slot_confirm_lsn(NULL,NULL);
 wait_slot_confirm_lsn 
-----------------------
 
 
(2 rows)

\c postgres
\d+ test
                                                Table "public.test"
 Column  |  Type   |                       Modifiers                        | Storage | Stats target | Description 
---------+---------+--------------------------------------------------------+---------+--------------+-------------
 test_id | integer | not null default nextval('test_test_id_seq'::regclass) | plain   |              | 

SELECT bdr.bdr_replicate_ddl_command($DDL$ ALTER TABLE public.test ADD CONSTRAINT test_pkey PRIMARY KEY (test_id); $DDL$);
 bdr_replicate_ddl_command 
---------------------------
 
(1 row)

SELECT bdr.wait_slot_confirm_lsn(NULL,NULL);
 wait_slot_confirm_lsn 
-----------------------
 
 
(2 rows)

\c regression
\d+ test
                                                Table "public.test"
 Column  |  Type   |                       Modifiers                        | Storage | Stats target | Description 
---------+---------+--------------------------------------------------------+---------+--------------+-------------
 test_id | integer | not null default nextval('test_test_id_seq'::regclass) | plain   |              | 
Indexes:
    "test_pkey" PRIMARY KEY, btree (test_id)

SELECT bdr.bdr_replicate_ddl_command($DDL$ DROP TABLE public.test; $DDL$);
 bdr_replicate_ddl_command 
---------------------------
 
(1 row)

SELECT bdr.wait_slot_confirm_lsn(NULL,NULL);
 wait_slot_confirm_lsn 
-----------------------
 
 
(2 rows)

\c postgres
-- normal sequence
SELECT bdr.bdr_replicate_ddl_command($DDL$ CREATE SEQUENCE public.test_seq increment 10; $DDL$);
 bdr_replicate_ddl_command 
---------------------------
 
(1 row)

SELECT bdr.wait_slot_confirm_lsn(NULL,NULL);
 wait_slot_confirm_lsn 
-----------------------
 
 
(2 rows)

\d+ test_seq
               Sequence "public.test_seq"
    Column     |  Type   |        Value        | Storage 
---------------+---------+---------------------+---------
 sequence_name | name    | test_seq            | plain
 last_value    | bigint  | 1                   | plain
 start_value   | bigint  | 1                   | plain
 increment_by  | bigint  | 10                  | plain
 max_value     | bigint  | 9223372036854775807 | plain
 min_value     | bigint  | 1                   | plain
 cache_value   | bigint  | 1                   | plain
 log_cnt       | bigint  | 0                   | plain
 is_cycled     | boolean | f                   | plain
 is_called     | boolean | f                   | plain

\c postgres
\d+ test_seq
               Sequence "public.test_seq"
    Column     |  Type   |        Value        | Storage 
---------------+---------+---------------------+---------
 sequence_name | name    | test_seq            | plain
 last_value    | bigint  | 1                   | plain
 start_value   | bigint  | 1                   | plain
 increment_by  | bigint  | 10                  | plain
 max_value     | bigint  | 9223372036854775807 | plain
 min_value     | bigint  | 1                   | plain
 cache_value   | bigint  | 1                   | plain
 log_cnt       | bigint  | 0                   | plain
 is_cycled     | boolean | f                   | plain
 is_called     | boolean | f                   | plain

SELECT bdr.bdr_replicate_ddl_command($DDL$ ALTER SEQUENCE public.test_seq increment by 10; $DDL$);
 bdr_replicate_ddl_command 
---------------------------
 
(1 row)

SELECT bdr.bdr_replicate_ddl_command($DDL$ ALTER SEQUENCE public.test_seq minvalue 0; $DDL$);
 bdr_replicate_ddl_command 
---------------------------
 
(1 row)

SELECT bdr.bdr_replicate_ddl_command($DDL$ ALTER SEQUENCE public.test_seq maxvalue 1000000; $DDL$);
 bdr_replicate_ddl_command 
---------------------------
 
(1 row)

SELECT bdr.bdr_replicate_ddl_command($DDL$ ALTER SEQUENCE public.test_seq restart; $DDL$);
 bdr_replicate_ddl_command 
---------------------------
 
(1 row)

SELECT bdr.bdr_replicate_ddl_command($DDL$ ALTER SEQUENCE public.test_seq cache 10; $DDL$);
 bdr_replicate_ddl_command 
---------------------------
 
(1 row)

SELECT bdr.bdr_replicate_ddl_command($DDL$ ALTER SEQUENCE public.test_seq cycle; $DDL$);
 bdr_replicate_ddl_command 
---------------------------
 
(1 row)

SELECT bdr.bdr_replicate_ddl_command($DDL$ ALTER SEQUENCE public.test_seq RENAME TO renamed_test_seq; $DDL$);
 bdr_replicate_ddl_command 
---------------------------
 
(1 row)

SELECT bdr.wait_slot_confirm_lsn(NULL,NULL);
 wait_slot_confirm_lsn 
-----------------------
 
 
(2 rows)

\d+ test_seq
\d+ renamed_test_seq
      Sequence "public.renamed_test_seq"
    Column     |  Type   |  Value   | Storage 
---------------+---------+----------+---------
 sequence_name | name    | test_seq | plain
 last_value    | bigint  | 1        | plain
 start_value   | bigint  | 1        | plain
 increment_by  | bigint  | 10       | plain
 max_value     | bigint  | 1000000  | plain
 min_value     | bigint  | 0        | plain
 cache_value   | bigint  | 10       | plain
 log_cnt       | bigint  | 0        | plain
 is_cycled     | boolean | t        | plain
 is_called     | boolean | f        | plain

\c regression
\d+ test_seq
\d+ renamed_test_seq
      Sequence "public.renamed_test_seq"
    Column     |  Type   |  Value   | Storage 
---------------+---------+----------+---------
 sequence_name | name    | test_seq | plain
 last_value    | bigint  | 1        | plain
 start_value   | bigint  | 1        | plain
 increment_by  | bigint  | 10       | plain
 max_value     | bigint  | 1000000  | plain
 min_value     | bigint  | 0        | plain
 cache_value   | bigint  | 10       | plain
 log_cnt       | bigint  | 0        | plain
 is_cycled     | boolean | t        | plain
 is_called     | boolean | f        | plain

\c postgres
SELECT bdr.bdr_replicate_ddl_command($DDL$ DROP SEQUENCE public.renamed_test_seq; $DDL$);
 bdr_replicate_ddl_command 
---------------------------
 
(1 row)

SELECT bdr.wait_slot_confirm_lsn(NULL,NULL);
 wait_slot_confirm_lsn 
-----------------------
 
 
(2 rows)

\d+ renamed_test_seq;
\c regression
\d+ renamed_test_seq
SELECT bdr.bdr_replicate_ddl_command($DDL$ CREATE SEQUENCE public.test_seq; $DDL$);
 bdr_replicate_ddl_command 
---------------------------
 
(1 row)

-- DESTINATION COLUMN TYPE REQUIRED BIGINT 
SELECT bdr.bdr_replicate_ddl_command($DDL$ CREATE TABLE public.test_tbl (a int DEFAULT bdr.global_seq_nextval('public.test_seq'),b text); $DDL$);
 bdr_replicate_ddl_command 
---------------------------
 
(1 row)

SELECT bdr.wait_slot_confirm_lsn(NULL,NULL);
 wait_slot_confirm_lsn 
-----------------------
 
 
(2 rows)

\d+ test_tbl
                                             Table "public.test_tbl"
 Column |  Type   |                      Modifiers                       | Storage  | Stats target | Description 
--------+---------+------------------------------------------------------+----------+--------------+-------------
 a      | integer | default bdr.global_seq_nextval('test_seq'::regclass) | plain    |              | 
 b      | text    |                                                      | extended |              | 

\c postgres
\d+ test_tbl
                                             Table "public.test_tbl"
 Column |  Type   |                      Modifiers                       | Storage  | Stats target | Description 
--------+---------+------------------------------------------------------+----------+--------------+-------------
 a      | integer | default bdr.global_seq_nextval('test_seq'::regclass) | plain    |              | 
 b      | text    |                                                      | extended |              | 

INSERT INTO test_tbl(b) VALUES('abc');
ERROR:  integer out of range
SELECT count(*) FROM test_tbl;
 count 
-------
     0
(1 row)

SELECT bdr.bdr_replicate_ddl_command($DDL$ DROP TABLE public.test_tbl; $DDL$);
 bdr_replicate_ddl_command 
---------------------------
 
(1 row)

SELECT bdr.wait_slot_confirm_lsn(NULL,NULL);
 wait_slot_confirm_lsn 
-----------------------
 
 
(2 rows)

SELECT bdr.bdr_replicate_ddl_command($DDL$ CREATE TABLE public.test_tbl (a bigint DEFAULT bdr.global_seq_nextval('public.test_seq'),b text); $DDL$);
 bdr_replicate_ddl_command 
---------------------------
 
(1 row)

SELECT bdr.wait_slot_confirm_lsn(NULL,NULL);
 wait_slot_confirm_lsn 
-----------------------
 
 
(2 rows)

\d+ test_tbl
                                            Table "public.test_tbl"
 Column |  Type  |                      Modifiers                       | Storage  | Stats target | Description 
--------+--------+------------------------------------------------------+----------+--------------+-------------
 a      | bigint | default bdr.global_seq_nextval('test_seq'::regclass) | plain    |              | 
 b      | text   |                                                      | extended |              | 

\c postgres
\d+ test_tbl
                                            Table "public.test_tbl"
 Column |  Type  |                      Modifiers                       | Storage  | Stats target | Description 
--------+--------+------------------------------------------------------+----------+--------------+-------------
 a      | bigint | default bdr.global_seq_nextval('test_seq'::regclass) | plain    |              | 
 b      | text   |                                                      | extended |              | 

INSERT INTO test_tbl(b) VALUES('abc');
SELECT count(*) FROM test_tbl;
 count 
-------
     1
(1 row)

SELECT bdr.bdr_replicate_ddl_command($DDL$ DROP SEQUENCE public.test_seq CASCADE; $DDL$);
NOTICE:  drop cascades to default for table public.test_tbl column a
 bdr_replicate_ddl_command 
---------------------------
 
(1 row)

SELECT bdr.wait_slot_confirm_lsn(NULL,NULL);
 wait_slot_confirm_lsn 
-----------------------
 
 
(2 rows)

\d+ test_tbl
                       Table "public.test_tbl"
 Column |  Type  | Modifiers | Storage  | Stats target | Description 
--------+--------+-----------+----------+--------------+-------------
 a      | bigint |           | plain    |              | 
 b      | text   |           | extended |              | 

\c regression
\d+ test_tbl
                       Table "public.test_tbl"
 Column |  Type  | Modifiers | Storage  | Stats target | Description 
--------+--------+-----------+----------+--------------+-------------
 a      | bigint |           | plain    |              | 
 b      | text   |           | extended |              | 

